TN:
SF:C:\Users\chakrya\Dropbox\CUEBIO_project_4308\CUEBIO-Frontend\src\polyfills.ts
FNF:0
FNH:0
LF:0
LH:0
BRF:0
BRH:0
end_of_record
TN:
SF:C:\Users\chakrya\Dropbox\CUEBIO_project_4308\CUEBIO-Frontend\src\test.ts
FNF:0
FNH:0
DA:13,1
DA:18,1
DA:20,1
LF:3
LH:3
BRF:0
BRH:0
end_of_record
TN:
SF:C:\Users\chakrya\Dropbox\CUEBIO_project_4308\CUEBIO-Frontend\src\app\app.component.ts
FN:30,(anonymous_0)
FNF:1
FNH:1
FNDA:2,(anonymous_0)
DA:26,1
DA:27,2
DA:28,2
DA:30,2
LF:4
LH:4
BRF:0
BRH:0
end_of_record
TN:
SF:C:\Users\chakrya\Dropbox\CUEBIO_project_4308\CUEBIO-Frontend\src\app\apple.service.ts
FN:19,(anonymous_0)
FN:14,(anonymous_1)
FNF:2
FNH:2
FNDA:4,(anonymous_0)
FNDA:1,(anonymous_1)
DA:10,1
DA:16,1
LF:2
LH:2
BRF:0
BRH:0
end_of_record
TN:
SF:C:\Users\chakrya\Dropbox\CUEBIO_project_4308\CUEBIO-Frontend\src\app\info-panel.service.ts
FN:26,(anonymous_0)
FN:14,(anonymous_1)
FN:18,(anonymous_2)
FN:22,(anonymous_3)
FNF:4
FNH:1
FNDA:7,(anonymous_0)
FNDA:0,(anonymous_1)
FNDA:0,(anonymous_2)
FNDA:0,(anonymous_3)
DA:8,1
DA:10,7
DA:15,0
DA:19,0
DA:23,0
LF:5
LH:2
BRF:0
BRH:0
end_of_record
TN:
SF:C:\Users\chakrya\Dropbox\CUEBIO_project_4308\CUEBIO-Frontend\src\app\mock-apples.ts
FNF:0
FNH:0
DA:3,1
LF:1
LH:1
BRF:0
BRH:0
end_of_record
TN:
SF:C:\Users\chakrya\Dropbox\CUEBIO_project_4308\CUEBIO-Frontend\src\app\info-panel\info-panel.component.ts
FN:71,(anonymous_0)
FN:13,(anonymous_1)
FN:17,(anonymous_2)
FN:26,(anonymous_3)
FN:35,(anonymous_4)
FN:44,(anonymous_5)
FN:53,(anonymous_6)
FN:62,(anonymous_7)
FN:73,(anonymous_8)
FNF:9
FNH:2
FNDA:1,(anonymous_0)
FNDA:0,(anonymous_1)
FNDA:0,(anonymous_2)
FNDA:0,(anonymous_3)
FNDA:0,(anonymous_4)
FNDA:0,(anonymous_5)
FNDA:0,(anonymous_6)
FNDA:0,(anonymous_7)
FNDA:1,(anonymous_8)
DA:11,1
DA:14,0
DA:18,0
DA:19,0
DA:22,0
DA:27,0
DA:28,0
DA:31,0
DA:36,0
DA:37,0
DA:40,0
DA:45,0
DA:46,0
DA:49,0
DA:54,0
DA:55,0
DA:58,0
DA:63,0
DA:64,0
DA:67,0
DA:71,1
LF:21
LH:2
BRDA:18,0,0,0
BRDA:18,0,1,0
BRDA:27,1,0,0
BRDA:27,1,1,0
BRDA:36,2,0,0
BRDA:36,2,1,0
BRDA:45,3,0,0
BRDA:45,3,1,0
BRDA:54,4,0,0
BRDA:54,4,1,0
BRDA:63,5,0,0
BRDA:63,5,1,0
BRF:12
BRH:0
end_of_record
TN:
SF:C:\Users\chakrya\Dropbox\CUEBIO_project_4308\CUEBIO-Frontend\src\app\map\map.component.ts
FN:46,(anonymous_0)
FN:32,(anonymous_1)
FN:36,(anonymous_2)
FN:48,(anonymous_3)
FN:52,(anonymous_4)
FN:54,(anonymous_5)
FN:57,(anonymous_6)
FN:78,(anonymous_7)
FN:93,(anonymous_8)
FN:108,(anonymous_9)
FNF:10
FNH:8
FNDA:3,(anonymous_0)
FNDA:286,(anonymous_1)
FNDA:0,(anonymous_2)
FNDA:288,(anonymous_3)
FNDA:1,(anonymous_4)
FNDA:1,(anonymous_5)
FNDA:1,(anonymous_6)
FNDA:296,(anonymous_7)
FNDA:0,(anonymous_8)
FNDA:1,(anonymous_9)
DA:16,1
DA:17,3
DA:24,3
DA:33,286
DA:37,0
DA:46,3
DA:49,288
DA:53,1
DA:54,1
DA:59,1
DA:60,1
DA:61,1
DA:62,1
DA:63,1
DA:71,1
DA:76,1
DA:78,1
DA:79,296
DA:80,296
DA:82,296
DA:83,286
DA:85,144
DA:86,144
DA:87,144
DA:88,144
DA:92,286
DA:93,286
DA:95,0
DA:96,0
DA:97,0
DA:99,286
DA:103,1
DA:109,1
LF:33
LH:29
BRDA:82,0,0,286
BRDA:82,0,1,10
BRDA:82,1,0,296
BRDA:82,1,1,286
BRDA:83,2,0,144
BRDA:83,2,1,142
BRF:6
BRH:6
end_of_record
